<?xml version="1.0" encoding="UTF-8"?>
<!-- Generated by org.testng.reporters.JUnitXMLReporter -->
<testsuite ignored="0" hostname="LPCL-PG033Y7Y" failures="1" tests="1" name="Surefire test" time="5.054" errors="0" timestamp="2024-06-21T14:14:40 IST">
  <testcase classname="testClasses.CheckOutTest" name="validatingCheckOut" time="5.017">
    <failure type="java.lang.NullPointerException" message="Cannot invoke &amp;quot;org.openqa.selenium.WebDriver.findElement(org.openqa.selenium.By)&amp;quot; because &amp;quot;this.driver&amp;quot; is null">
      <![CDATA[java.lang.NullPointerException: Cannot invoke "org.openqa.selenium.WebDriver.findElement(org.openqa.selenium.By)" because "this.driver" is null
at pageClasses.CheckoutPage.verifyingLogin(CheckoutPage.java:22)
at testClasses.CheckOutTest.validatingCheckOut(CheckOutTest.java:11)
at java.base/java.util.ArrayList.forEach(ArrayList.java:1511)
... Removed 32 stack frames]]>
    </failure>
  </testcase> <!-- validatingCheckOut -->
</testsuite> <!-- Surefire test -->
