<?xml version="1.0" encoding="UTF-8"?>
<!-- Generated by org.testng.reporters.JUnitXMLReporter -->
<testsuite ignored="0" hostname="LPCL-PG033Y7Y" failures="3" tests="6" name="Test" time="34.559" errors="0" timestamp="2024-07-17T16:51:26 IST">
  <testcase classname="testClasses.WebTablesTest" name="validatingWebTables" time="6.793"/>
  <testcase classname="testClasses.WebTablesTest" name="validatingWebTables" time="1.088">
    <failure type="org.openqa.selenium.ElementClickInterceptedException" message="element click intercepted: Element &amp;lt;span class=&amp;quot;text&amp;quot;&amp;gt;...&amp;lt;/span&amp;gt; is not clickable at point (97, 7). Other element would receive the click: &amp;lt;header&amp;gt;...&amp;lt;/header&amp;gt;
  (Session info: chrome-headless-shell=126.0.6478.127)
Build info: version: &amp;apos;4.1.1&amp;apos;, revision: &amp;apos;e8fcc2cecf&amp;apos;
System info: host: &amp;apos;LPCL-PG033Y7Y&amp;apos;, ip: &amp;apos;192.168.1.4&amp;apos;, os.name: &amp;apos;Windows 10&amp;apos;, os.arch: &amp;apos;amd64&amp;apos;, os.version: &amp;apos;10.0&amp;apos;, java.version: &amp;apos;17.0.9&amp;apos;
Driver info: org.openqa.selenium.chrome.ChromeDriver
Command: [5dfe8f010f4f963a285bf8a503265642, clickElement {id=f.2988E2D82BF828619F26725D8AF6B11D.d.97C36FE44DE3AD21C7DB3082A060C04A.e.29}]
Capabilities {acceptInsecureCerts: false, browserName: chrome-headless-shell, browserVersion: 126.0.6478.127, chrome: {chromedriverVersion: 126.0.6478.126 (d36ace6122e..., userDataDir: C:\Users\NITIN~1.MOR\AppDat...}, fedcm:accounts: true, goog:chromeOptions: {debuggerAddress: localhost:62369}, javascriptEnabled: true, networkConnectionEnabled: false, pageLoadStrategy: normal, platform: WINDOWS, platformName: WINDOWS, proxy: Proxy(), se:cdp: ws://localhost:62369/devtoo..., se:cdpVersion: 126.0.6478.127, setWindowRect: true, strictFileInteractability: false, timeouts: {implicit: 0, pageLoad: 300000, script: 30000}, unhandledPromptBehavior: dismiss and notify, webauthn:extension:credBlob: true, webauthn:extension:largeBlob: true, webauthn:extension:minPinLength: true, webauthn:extension:prf: true, webauthn:virtualAuthenticators: true}
Element: [[ChromeDriver: chrome-headless-shell on WINDOWS (5dfe8f010f4f963a285bf8a503265642)] -&amp;gt; xpath: //span[normalize-space()=&amp;apos;Web Tables&amp;apos;]]
Session ID: 5dfe8f010f4f963a285bf8a503265642">
      <![CDATA[org.openqa.selenium.ElementClickInterceptedException: element click intercepted: Element <span class="text">...</span> is not clickable at point (97, 7). Other element would receive the click: <header>...</header>
  (Session info: chrome-headless-shell=126.0.6478.127)
Build info: version: '4.1.1', revision: 'e8fcc2cecf'
System info: host: 'LPCL-PG033Y7Y', ip: '192.168.1.4', os.name: 'Windows 10', os.arch: 'amd64', os.version: '10.0', java.version: '17.0.9'
Driver info: org.openqa.selenium.chrome.ChromeDriver
Command: [5dfe8f010f4f963a285bf8a503265642, clickElement {id=f.2988E2D82BF828619F26725D8AF6B11D.d.97C36FE44DE3AD21C7DB3082A060C04A.e.29}]
Capabilities {acceptInsecureCerts: false, browserName: chrome-headless-shell, browserVersion: 126.0.6478.127, chrome: {chromedriverVersion: 126.0.6478.126 (d36ace6122e..., userDataDir: C:\Users\NITIN~1.MOR\AppDat...}, fedcm:accounts: true, goog:chromeOptions: {debuggerAddress: localhost:62369}, javascriptEnabled: true, networkConnectionEnabled: false, pageLoadStrategy: normal, platform: WINDOWS, platformName: WINDOWS, proxy: Proxy(), se:cdp: ws://localhost:62369/devtoo..., se:cdpVersion: 126.0.6478.127, setWindowRect: true, strictFileInteractability: false, timeouts: {implicit: 0, pageLoad: 300000, script: 30000}, unhandledPromptBehavior: dismiss and notify, webauthn:extension:credBlob: true, webauthn:extension:largeBlob: true, webauthn:extension:minPinLength: true, webauthn:extension:prf: true, webauthn:virtualAuthenticators: true}
Element: [[ChromeDriver: chrome-headless-shell on WINDOWS (5dfe8f010f4f963a285bf8a503265642)] -> xpath: //span[normalize-space()='Web Tables']]
Session ID: 5dfe8f010f4f963a285bf8a503265642
at org.openqa.selenium.remote.codec.w3c.W3CHttpResponseCodec.createException(W3CHttpResponseCodec.java:200)
at org.openqa.selenium.remote.codec.w3c.W3CHttpResponseCodec.decode(W3CHttpResponseCodec.java:133)
at org.openqa.selenium.remote.codec.w3c.W3CHttpResponseCodec.decode(W3CHttpResponseCodec.java:53)
at org.openqa.selenium.remote.HttpCommandExecutor.execute(HttpCommandExecutor.java:184)
at org.openqa.selenium.remote.service.DriverCommandExecutor.invokeExecute(DriverCommandExecutor.java:167)
at org.openqa.selenium.remote.service.DriverCommandExecutor.execute(DriverCommandExecutor.java:142)
at org.openqa.selenium.remote.RemoteWebDriver.execute(RemoteWebDriver.java:543)
at org.openqa.selenium.remote.RemoteWebElement.execute(RemoteWebElement.java:251)
at org.openqa.selenium.remote.RemoteWebElement.click(RemoteWebElement.java:77)
at org.openqa.selenium.support.pagefactory.internal.LocatingElementHandler.invoke(LocatingElementHandler.java:52)
at jdk.proxy2/jdk.proxy2.$Proxy19.click(Unknown Source)
at pageClasses.WebTablePage.webTablesElement(WebTablePage.java:60)
at testClasses.WebTablesTest.validatingWebTables(WebTablesTest.java:24)
at java.base/java.util.ArrayList.forEach(ArrayList.java:1511)
... Removed 36 stack frames]]>
    </failure>
  </testcase> <!-- validatingWebTables -->
  <testcase classname="testClasses.WebTablesTest" name="validatingWebTables" time="6.551"/>
  <testcase classname="testClasses.WebTablesTest" name="validatingWebTables" time="1.09">
    <failure type="org.openqa.selenium.ElementClickInterceptedException" message="element click intercepted: Element &amp;lt;span class=&amp;quot;text&amp;quot;&amp;gt;...&amp;lt;/span&amp;gt; is not clickable at point (97, 7). Other element would receive the click: &amp;lt;header&amp;gt;...&amp;lt;/header&amp;gt;
  (Session info: chrome-headless-shell=126.0.6478.127)
Build info: version: &amp;apos;4.1.1&amp;apos;, revision: &amp;apos;e8fcc2cecf&amp;apos;
System info: host: &amp;apos;LPCL-PG033Y7Y&amp;apos;, ip: &amp;apos;192.168.1.4&amp;apos;, os.name: &amp;apos;Windows 10&amp;apos;, os.arch: &amp;apos;amd64&amp;apos;, os.version: &amp;apos;10.0&amp;apos;, java.version: &amp;apos;17.0.9&amp;apos;
Driver info: org.openqa.selenium.chrome.ChromeDriver
Command: [5dfe8f010f4f963a285bf8a503265642, clickElement {id=f.2988E2D82BF828619F26725D8AF6B11D.d.97C36FE44DE3AD21C7DB3082A060C04A.e.29}]
Capabilities {acceptInsecureCerts: false, browserName: chrome-headless-shell, browserVersion: 126.0.6478.127, chrome: {chromedriverVersion: 126.0.6478.126 (d36ace6122e..., userDataDir: C:\Users\NITIN~1.MOR\AppDat...}, fedcm:accounts: true, goog:chromeOptions: {debuggerAddress: localhost:62369}, javascriptEnabled: true, networkConnectionEnabled: false, pageLoadStrategy: normal, platform: WINDOWS, platformName: WINDOWS, proxy: Proxy(), se:cdp: ws://localhost:62369/devtoo..., se:cdpVersion: 126.0.6478.127, setWindowRect: true, strictFileInteractability: false, timeouts: {implicit: 0, pageLoad: 300000, script: 30000}, unhandledPromptBehavior: dismiss and notify, webauthn:extension:credBlob: true, webauthn:extension:largeBlob: true, webauthn:extension:minPinLength: true, webauthn:extension:prf: true, webauthn:virtualAuthenticators: true}
Element: [[ChromeDriver: chrome-headless-shell on WINDOWS (5dfe8f010f4f963a285bf8a503265642)] -&amp;gt; xpath: //span[normalize-space()=&amp;apos;Web Tables&amp;apos;]]
Session ID: 5dfe8f010f4f963a285bf8a503265642">
      <![CDATA[org.openqa.selenium.ElementClickInterceptedException: element click intercepted: Element <span class="text">...</span> is not clickable at point (97, 7). Other element would receive the click: <header>...</header>
  (Session info: chrome-headless-shell=126.0.6478.127)
Build info: version: '4.1.1', revision: 'e8fcc2cecf'
System info: host: 'LPCL-PG033Y7Y', ip: '192.168.1.4', os.name: 'Windows 10', os.arch: 'amd64', os.version: '10.0', java.version: '17.0.9'
Driver info: org.openqa.selenium.chrome.ChromeDriver
Command: [5dfe8f010f4f963a285bf8a503265642, clickElement {id=f.2988E2D82BF828619F26725D8AF6B11D.d.97C36FE44DE3AD21C7DB3082A060C04A.e.29}]
Capabilities {acceptInsecureCerts: false, browserName: chrome-headless-shell, browserVersion: 126.0.6478.127, chrome: {chromedriverVersion: 126.0.6478.126 (d36ace6122e..., userDataDir: C:\Users\NITIN~1.MOR\AppDat...}, fedcm:accounts: true, goog:chromeOptions: {debuggerAddress: localhost:62369}, javascriptEnabled: true, networkConnectionEnabled: false, pageLoadStrategy: normal, platform: WINDOWS, platformName: WINDOWS, proxy: Proxy(), se:cdp: ws://localhost:62369/devtoo..., se:cdpVersion: 126.0.6478.127, setWindowRect: true, strictFileInteractability: false, timeouts: {implicit: 0, pageLoad: 300000, script: 30000}, unhandledPromptBehavior: dismiss and notify, webauthn:extension:credBlob: true, webauthn:extension:largeBlob: true, webauthn:extension:minPinLength: true, webauthn:extension:prf: true, webauthn:virtualAuthenticators: true}
Element: [[ChromeDriver: chrome-headless-shell on WINDOWS (5dfe8f010f4f963a285bf8a503265642)] -> xpath: //span[normalize-space()='Web Tables']]
Session ID: 5dfe8f010f4f963a285bf8a503265642
at org.openqa.selenium.remote.codec.w3c.W3CHttpResponseCodec.createException(W3CHttpResponseCodec.java:200)
at org.openqa.selenium.remote.codec.w3c.W3CHttpResponseCodec.decode(W3CHttpResponseCodec.java:133)
at org.openqa.selenium.remote.codec.w3c.W3CHttpResponseCodec.decode(W3CHttpResponseCodec.java:53)
at org.openqa.selenium.remote.HttpCommandExecutor.execute(HttpCommandExecutor.java:184)
at org.openqa.selenium.remote.service.DriverCommandExecutor.invokeExecute(DriverCommandExecutor.java:167)
at org.openqa.selenium.remote.service.DriverCommandExecutor.execute(DriverCommandExecutor.java:142)
at org.openqa.selenium.remote.RemoteWebDriver.execute(RemoteWebDriver.java:543)
at org.openqa.selenium.remote.RemoteWebElement.execute(RemoteWebElement.java:251)
at org.openqa.selenium.remote.RemoteWebElement.click(RemoteWebElement.java:77)
at org.openqa.selenium.support.pagefactory.internal.LocatingElementHandler.invoke(LocatingElementHandler.java:52)
at jdk.proxy2/jdk.proxy2.$Proxy19.click(Unknown Source)
at pageClasses.WebTablePage.webTablesElement(WebTablePage.java:60)
at testClasses.WebTablesTest.validatingWebTables(WebTablesTest.java:24)
at java.base/java.util.ArrayList.forEach(ArrayList.java:1511)
... Removed 36 stack frames]]>
    </failure>
  </testcase> <!-- validatingWebTables -->
  <testcase classname="testClasses.WebTablesTest" name="validatingWebTables" time="6.586"/>
  <testcase classname="testClasses.WebTablesTest" name="validatingWebTables" time="1.113">
    <failure type="org.openqa.selenium.ElementClickInterceptedException" message="element click intercepted: Element &amp;lt;span class=&amp;quot;text&amp;quot;&amp;gt;...&amp;lt;/span&amp;gt; is not clickable at point (97, 7). Other element would receive the click: &amp;lt;header&amp;gt;...&amp;lt;/header&amp;gt;
  (Session info: chrome-headless-shell=126.0.6478.127)
Build info: version: &amp;apos;4.1.1&amp;apos;, revision: &amp;apos;e8fcc2cecf&amp;apos;
System info: host: &amp;apos;LPCL-PG033Y7Y&amp;apos;, ip: &amp;apos;192.168.1.4&amp;apos;, os.name: &amp;apos;Windows 10&amp;apos;, os.arch: &amp;apos;amd64&amp;apos;, os.version: &amp;apos;10.0&amp;apos;, java.version: &amp;apos;17.0.9&amp;apos;
Driver info: org.openqa.selenium.chrome.ChromeDriver
Command: [5dfe8f010f4f963a285bf8a503265642, clickElement {id=f.2988E2D82BF828619F26725D8AF6B11D.d.97C36FE44DE3AD21C7DB3082A060C04A.e.29}]
Capabilities {acceptInsecureCerts: false, browserName: chrome-headless-shell, browserVersion: 126.0.6478.127, chrome: {chromedriverVersion: 126.0.6478.126 (d36ace6122e..., userDataDir: C:\Users\NITIN~1.MOR\AppDat...}, fedcm:accounts: true, goog:chromeOptions: {debuggerAddress: localhost:62369}, javascriptEnabled: true, networkConnectionEnabled: false, pageLoadStrategy: normal, platform: WINDOWS, platformName: WINDOWS, proxy: Proxy(), se:cdp: ws://localhost:62369/devtoo..., se:cdpVersion: 126.0.6478.127, setWindowRect: true, strictFileInteractability: false, timeouts: {implicit: 0, pageLoad: 300000, script: 30000}, unhandledPromptBehavior: dismiss and notify, webauthn:extension:credBlob: true, webauthn:extension:largeBlob: true, webauthn:extension:minPinLength: true, webauthn:extension:prf: true, webauthn:virtualAuthenticators: true}
Element: [[ChromeDriver: chrome-headless-shell on WINDOWS (5dfe8f010f4f963a285bf8a503265642)] -&amp;gt; xpath: //span[normalize-space()=&amp;apos;Web Tables&amp;apos;]]
Session ID: 5dfe8f010f4f963a285bf8a503265642">
      <![CDATA[org.openqa.selenium.ElementClickInterceptedException: element click intercepted: Element <span class="text">...</span> is not clickable at point (97, 7). Other element would receive the click: <header>...</header>
  (Session info: chrome-headless-shell=126.0.6478.127)
Build info: version: '4.1.1', revision: 'e8fcc2cecf'
System info: host: 'LPCL-PG033Y7Y', ip: '192.168.1.4', os.name: 'Windows 10', os.arch: 'amd64', os.version: '10.0', java.version: '17.0.9'
Driver info: org.openqa.selenium.chrome.ChromeDriver
Command: [5dfe8f010f4f963a285bf8a503265642, clickElement {id=f.2988E2D82BF828619F26725D8AF6B11D.d.97C36FE44DE3AD21C7DB3082A060C04A.e.29}]
Capabilities {acceptInsecureCerts: false, browserName: chrome-headless-shell, browserVersion: 126.0.6478.127, chrome: {chromedriverVersion: 126.0.6478.126 (d36ace6122e..., userDataDir: C:\Users\NITIN~1.MOR\AppDat...}, fedcm:accounts: true, goog:chromeOptions: {debuggerAddress: localhost:62369}, javascriptEnabled: true, networkConnectionEnabled: false, pageLoadStrategy: normal, platform: WINDOWS, platformName: WINDOWS, proxy: Proxy(), se:cdp: ws://localhost:62369/devtoo..., se:cdpVersion: 126.0.6478.127, setWindowRect: true, strictFileInteractability: false, timeouts: {implicit: 0, pageLoad: 300000, script: 30000}, unhandledPromptBehavior: dismiss and notify, webauthn:extension:credBlob: true, webauthn:extension:largeBlob: true, webauthn:extension:minPinLength: true, webauthn:extension:prf: true, webauthn:virtualAuthenticators: true}
Element: [[ChromeDriver: chrome-headless-shell on WINDOWS (5dfe8f010f4f963a285bf8a503265642)] -> xpath: //span[normalize-space()='Web Tables']]
Session ID: 5dfe8f010f4f963a285bf8a503265642
at org.openqa.selenium.remote.codec.w3c.W3CHttpResponseCodec.createException(W3CHttpResponseCodec.java:200)
at org.openqa.selenium.remote.codec.w3c.W3CHttpResponseCodec.decode(W3CHttpResponseCodec.java:133)
at org.openqa.selenium.remote.codec.w3c.W3CHttpResponseCodec.decode(W3CHttpResponseCodec.java:53)
at org.openqa.selenium.remote.HttpCommandExecutor.execute(HttpCommandExecutor.java:184)
at org.openqa.selenium.remote.service.DriverCommandExecutor.invokeExecute(DriverCommandExecutor.java:167)
at org.openqa.selenium.remote.service.DriverCommandExecutor.execute(DriverCommandExecutor.java:142)
at org.openqa.selenium.remote.RemoteWebDriver.execute(RemoteWebDriver.java:543)
at org.openqa.selenium.remote.RemoteWebElement.execute(RemoteWebElement.java:251)
at org.openqa.selenium.remote.RemoteWebElement.click(RemoteWebElement.java:77)
at org.openqa.selenium.support.pagefactory.internal.LocatingElementHandler.invoke(LocatingElementHandler.java:52)
at jdk.proxy2/jdk.proxy2.$Proxy19.click(Unknown Source)
at pageClasses.WebTablePage.webTablesElement(WebTablePage.java:60)
at testClasses.WebTablesTest.validatingWebTables(WebTablesTest.java:24)
at java.base/java.util.ArrayList.forEach(ArrayList.java:1511)
... Removed 36 stack frames]]>
    </failure>
  </testcase> <!-- validatingWebTables -->
</testsuite> <!-- Test -->
