<?xml version="1.0" encoding="UTF-8"?>
<testng-results ignored="0" total="1" passed="1" failed="0" skipped="0">
  <reporter-output>
  </reporter-output>
  <suite started-at="2024-07-24T19:36:43 IST" name="Default suite" finished-at="2024-07-24T19:36:52 IST" duration-ms="9512">
    <groups>
      <group name="Smoke">
        <method signature="ButtonsTest.ButtonValidation()[pri:0, instance:testClasses.ButtonsTest@33bc72d1]" name="ButtonValidation" class="testClasses.ButtonsTest"/>
      </group> <!-- Smoke -->
    </groups>
    <test started-at="2024-07-24T19:36:43 IST" name="Default test" finished-at="2024-07-24T19:36:52 IST" duration-ms="9512">
      <class name="testClasses.ButtonsTest">
        <test-method is-config="true" signature="setup()[pri:0, instance:testClasses.ButtonsTest@33bc72d1]" started-at="2024-07-24T19:36:43 IST" name="setup" finished-at="2024-07-24T19:36:43 IST" duration-ms="8" status="PASS">
          <reporter-output>
          </reporter-output>
        </test-method> <!-- setup -->
        <test-method is-config="true" signature="createObject()[pri:0, instance:testClasses.ButtonsTest@33bc72d1]" started-at="2024-07-24T19:36:43 IST" name="createObject" finished-at="2024-07-24T19:36:43 IST" duration-ms="27" status="PASS">
          <reporter-output>
          </reporter-output>
        </test-method> <!-- createObject -->
        <test-method signature="ButtonValidation()[pri:0, instance:testClasses.ButtonsTest@33bc72d1]" started-at="2024-07-24T19:36:43 IST" name="ButtonValidation" finished-at="2024-07-24T19:36:52 IST" duration-ms="9437" status="PASS">
          <reporter-output>
          </reporter-output>
        </test-method> <!-- ButtonValidation -->
      </class> <!-- testClasses.ButtonsTest -->
    </test> <!-- Default test -->
  </suite> <!-- Default suite -->
</testng-results>
