<?xml version="1.0" encoding="UTF-8"?>
<testng-results ignored="0" total="2" passed="2" failed="0" skipped="0">
  <reporter-output>
  </reporter-output>
  <suite started-at="2024-08-05T12:06:31 IST" name="Suite" finished-at="2024-08-05T12:07:37 IST" duration-ms="65595">
    <groups>
    </groups>
    <test started-at="2024-08-05T12:06:31 IST" name="Test" finished-at="2024-08-05T12:07:37 IST" duration-ms="65595">
      <class name="democlasses.SweplyLogin">
        <test-method signature="login()[pri:0, instance:democlasses.SweplyLogin@3bd82cf5]" started-at="2024-08-05T12:06:31 IST" name="login" finished-at="2024-08-05T12:07:03 IST" duration-ms="32192" status="PASS">
          <reporter-output>
          </reporter-output>
        </test-method> <!-- login -->
      </class> <!-- democlasses.SweplyLogin -->
      <class name="democlasses.SweplyCreateAccount">
        <test-method signature="signUp()[pri:0, instance:democlasses.SweplyCreateAccount@69453e37]" started-at="2024-08-05T12:07:03 IST" name="signUp" finished-at="2024-08-05T12:07:37 IST" duration-ms="33362" status="PASS">
          <reporter-output>
          </reporter-output>
        </test-method> <!-- signUp -->
      </class> <!-- democlasses.SweplyCreateAccount -->
    </test> <!-- Test -->
  </suite> <!-- Suite -->
</testng-results>
